<?xml version="1.0" encoding="UTF-8"?>
<!-- Generated by org.testng.reporters.JUnitReportReporter -->
<testsuite hostname="DESKTOP-BRJ46B7" failures="0" tests="1" name="co.tdd.helper.testcases.HomePage" time="11.102" errors="0" timestamp="07 Dec 2021 04:10:11 GMT" skipped="0">
  <testcase classname="co.tdd.helper.testcases.HomePage" name="loginPage" time="11.102"/>
</testsuite> <!-- co.tdd.helper.testcases.HomePage -->
